stdio    D         file_stdio.c:110  file_stdio_fopen                 [   0,00000] opening F:\Github\SnakeGame\Debug\allegro5.cfg r
system   D            wsystem.c:819  maybe_parent_dir                 [   0,00000] Also searching F:\Github\SnakeGame\
system   D            wsystem.c:874  _al_win_safe_load_library        [   0,00000] PathFindOnPath found: C:\WINDOWS\system32\shcore.dll
system   D            wsystem.c:780  load_library_at_path             [   0,00000] Calling LoadLibrary C:\WINDOWS\system32\shcore.dll
system   I            wsystem.c:783  load_library_at_path             [   0,00000] Loaded C:\WINDOWS\system32\shcore.dll
system   I             system.c:271  al_install_system                [   0,00000] Allegro version: 5.2.7
system   D            wsystem.c:819  maybe_parent_dir                 [   0,00055] Also searching F:\Github\SnakeGame\
system   D            wsystem.c:874  _al_win_safe_load_library        [   0,00092] PathFindOnPath found: C:\WINDOWS\system32\d3d9.dll
system   D            wsystem.c:780  load_library_at_path             [   0,00186] Calling LoadLibrary C:\WINDOWS\system32\d3d9.dll
system   I            wsystem.c:783  load_library_at_path             [   0,01184] Loaded C:\WINDOWS\system32\d3d9.dll
d3d      I         d3d_disp.cpp:684  d3d_init_display                 [   0,08576] Render-to-texture: 1
d3d      I         d3d_disp.cpp:1782 d3d_create_display_locked        [   0,08739] faux_fullscreen=0
d3d      D         d3d_disp.cpp:1783 d3d_create_display_locked        [   0,08758] al_display=0111F758
d3d      D         d3d_disp.cpp:1784 d3d_create_display_locked        [   0,08770] al_display->vt=0109EE50
d3d      I d3d_display_formats.cpp:144  _al_d3d_generate_display_format_list [   0,09596] found 160 format combinations
display  D   display_settings.c:212  debug_display_settings           [   0,09620] color: 32 (rgba 8880), depth: 0, stencil: 0, acc: 0000, samples: 0/0
display  D   display_settings.c:527  _al_score_display_settings       [   0,09633] Score is : 897
display  D   display_settings.c:212  debug_display_settings           [   0,09647] color: 32 (rgba 8880), depth: 0, stencil: 0, acc: 0000, samples: 0/0
display  D   display_settings.c:527  _al_score_display_settings       [   0,09665] Score is : 897
display  D   display_settings.c:212  debug_display_settings           [   0,09681] color: 32 (rgba 8880), depth: 0, stencil: 0, acc: 0000, samples: 2/1
display  D   display_settings.c:527  _al_score_display_settings       [   0,09699] Score is : 726
display  D   display_settings.c:212  debug_display_settings           [   0,09709] color: 32 (rgba 8880), depth: 0, stencil: 0, acc: 0000, samples: 3/1
display  D   display_settings.c:527  _al_score_display_settings       [   0,09721] Score is : 721
display  D   display_settings.c:212  debug_display_settings           [   0,09736] color: 32 (rgba 8880), depth: 0, stencil: 0, acc: 0000, samples: 4/1
display  D   display_settings.c:527  _al_score_display_settings       [   0,09761] Score is : 717
display  D   display_settings.c:212  debug_display_settings           [   0,09776] color: 32 (rgba 8880), depth: 24, stencil: 8, acc: 0000, samples: 0/0
display  D   display_settings.c:527  _al_score_display_settings       [   0,09787] Score is : 897
display  D   display_settings.c:212  debug_display_settings           [   0,09799] color: 32 (rgba 8880), depth: 24, stencil: 8, acc: 0000, samples: 0/0
display  D   display_settings.c:527  _al_score_display_settings       [   0,09811] Score is : 897
display  D   display_settings.c:212  debug_display_settings           [   0,09826] color: 32 (rgba 8880), depth: 24, stencil: 8, acc: 0000, samples: 2/1
display  D   display_settings.c:527  _al_score_display_settings       [   0,09841] Score is : 726
display  D   display_settings.c:212  debug_display_settings           [   0,09864] color: 32 (rgba 8880), depth: 24, stencil: 8, acc: 0000, samples: 3/1
display  D   display_settings.c:527  _al_score_display_settings       [   0,09878] Score is : 721
display  D   display_settings.c:212  debug_display_settings           [   0,09890] color: 32 (rgba 8880), depth: 24, stencil: 8, acc: 0000, samples: 4/1
display  D   display_settings.c:527  _al_score_display_settings       [   0,09910] Score is : 717
display  D   display_settings.c:212  debug_display_settings           [   0,09920] color: 32 (rgba 8880), depth: 24, stencil: 0, acc: 0000, samples: 0/0
display  D   display_settings.c:527  _al_score_display_settings       [   0,09929] Score is : 897
display  D   display_settings.c:212  debug_display_settings           [   0,09938] color: 32 (rgba 8880), depth: 24, stencil: 0, acc: 0000, samples: 0/0
display  D   display_settings.c:527  _al_score_display_settings       [   0,09949] Score is : 897
display  D   display_settings.c:212  debug_display_settings           [   0,09958] color: 32 (rgba 8880), depth: 24, stencil: 0, acc: 0000, samples: 2/1
display  D   display_settings.c:527  _al_score_display_settings       [   0,09969] Score is : 726
display  D   display_settings.c:212  debug_display_settings           [   0,09978] color: 32 (rgba 8880), depth: 24, stencil: 0, acc: 0000, samples: 3/1
display  D   display_settings.c:527  _al_score_display_settings       [   0,09988] Score is : 721
display  D   display_settings.c:212  debug_display_settings           [   0,09998] color: 32 (rgba 8880), depth: 24, stencil: 0, acc: 0000, samples: 4/1
display  D   display_settings.c:527  _al_score_display_settings       [   0,10008] Score is : 717
display  D   display_settings.c:212  debug_display_settings           [   0,10016] color: 32 (rgba 8880), depth: 16, stencil: 0, acc: 0000, samples: 0/0
display  D   display_settings.c:527  _al_score_display_settings       [   0,10026] Score is : 897
display  D   display_settings.c:212  debug_display_settings           [   0,10035] color: 32 (rgba 8880), depth: 16, stencil: 0, acc: 0000, samples: 0/0
display  D   display_settings.c:527  _al_score_display_settings       [   0,10045] Score is : 897
display  D   display_settings.c:212  debug_display_settings           [   0,10054] color: 32 (rgba 8880), depth: 16, stencil: 0, acc: 0000, samples: 2/1
display  D   display_settings.c:527  _al_score_display_settings       [   0,10063] Score is : 726
display  D   display_settings.c:212  debug_display_settings           [   0,10073] color: 32 (rgba 8880), depth: 16, stencil: 0, acc: 0000, samples: 3/1
display  D   display_settings.c:527  _al_score_display_settings       [   0,10084] Score is : 721
display  D   display_settings.c:212  debug_display_settings           [   0,10095] color: 32 (rgba 8880), depth: 16, stencil: 0, acc: 0000, samples: 4/1
display  D   display_settings.c:527  _al_score_display_settings       [   0,10104] Score is : 717
display  D   display_settings.c:212  debug_display_settings           [   0,10114] color: 16 (rgba 5650), depth: 0, stencil: 0, acc: 0000, samples: 0/0
display  D   display_settings.c:527  _al_score_display_settings       [   0,10123] Score is : 897
display  D   display_settings.c:212  debug_display_settings           [   0,10134] color: 16 (rgba 5650), depth: 0, stencil: 0, acc: 0000, samples: 0/0
display  D   display_settings.c:527  _al_score_display_settings       [   0,10145] Score is : 897
display  D   display_settings.c:212  debug_display_settings           [   0,10156] color: 16 (rgba 5650), depth: 0, stencil: 0, acc: 0000, samples: 2/1
display  D   display_settings.c:527  _al_score_display_settings       [   0,10167] Score is : 726
display  D   display_settings.c:212  debug_display_settings           [   0,10177] color: 16 (rgba 5650), depth: 0, stencil: 0, acc: 0000, samples: 3/1
display  D   display_settings.c:527  _al_score_display_settings       [   0,10188] Score is : 721
display  D   display_settings.c:212  debug_display_settings           [   0,10197] color: 16 (rgba 5650), depth: 0, stencil: 0, acc: 0000, samples: 4/1
display  D   display_settings.c:527  _al_score_display_settings       [   0,10206] Score is : 717
display  D   display_settings.c:212  debug_display_settings           [   0,10215] color: 16 (rgba 5650), depth: 24, stencil: 8, acc: 0000, samples: 0/0
display  D   display_settings.c:527  _al_score_display_settings       [   0,10229] Score is : 897
display  D   display_settings.c:212  debug_display_settings           [   0,10239] color: 16 (rgba 5650), depth: 24, stencil: 8, acc: 0000, samples: 0/0
display  D   display_settings.c:527  _al_score_display_settings       [   0,10249] Score is : 897
display  D   display_settings.c:212  debug_display_settings           [   0,10260] color: 16 (rgba 5650), depth: 24, stencil: 8, acc: 0000, samples: 2/1
display  D   display_settings.c:527  _al_score_display_settings       [   0,10270] Score is : 726
display  D   display_settings.c:212  debug_display_settings           [   0,10281] color: 16 (rgba 5650), depth: 24, stencil: 8, acc: 0000, samples: 3/1
display  D   display_settings.c:527  _al_score_display_settings       [   0,10291] Score is : 721
display  D   display_settings.c:212  debug_display_settings           [   0,10303] color: 16 (rgba 5650), depth: 24, stencil: 8, acc: 0000, samples: 4/1
display  D   display_settings.c:527  _al_score_display_settings       [   0,10313] Score is : 717
display  D   display_settings.c:212  debug_display_settings           [   0,10323] color: 16 (rgba 5650), depth: 24, stencil: 0, acc: 0000, samples: 0/0
display  D   display_settings.c:527  _al_score_display_settings       [   0,10333] Score is : 897
display  D   display_settings.c:212  debug_display_settings           [   0,10344] color: 16 (rgba 5650), depth: 24, stencil: 0, acc: 0000, samples: 0/0
display  D   display_settings.c:527  _al_score_display_settings       [   0,10354] Score is : 897
display  D   display_settings.c:212  debug_display_settings           [   0,10365] color: 16 (rgba 5650), depth: 24, stencil: 0, acc: 0000, samples: 2/1
display  D   display_settings.c:527  _al_score_display_settings       [   0,10375] Score is : 726
display  D   display_settings.c:212  debug_display_settings           [   0,10384] color: 16 (rgba 5650), depth: 24, stencil: 0, acc: 0000, samples: 3/1
display  D   display_settings.c:527  _al_score_display_settings       [   0,10393] Score is : 721
display  D   display_settings.c:212  debug_display_settings           [   0,10404] color: 16 (rgba 5650), depth: 24, stencil: 0, acc: 0000, samples: 4/1
display  D   display_settings.c:527  _al_score_display_settings       [   0,10413] Score is : 717
display  D   display_settings.c:212  debug_display_settings           [   0,10422] color: 16 (rgba 5650), depth: 16, stencil: 0, acc: 0000, samples: 0/0
display  D   display_settings.c:527  _al_score_display_settings       [   0,10433] Score is : 897
display  D   display_settings.c:212  debug_display_settings           [   0,10442] color: 16 (rgba 5650), depth: 16, stencil: 0, acc: 0000, samples: 0/0
display  D   display_settings.c:527  _al_score_display_settings       [   0,10451] Score is : 897
display  D   display_settings.c:212  debug_display_settings           [   0,10462] color: 16 (rgba 5650), depth: 16, stencil: 0, acc: 0000, samples: 2/1
display  D   display_settings.c:527  _al_score_display_settings       [   0,10472] Score is : 726
display  D   display_settings.c:212  debug_display_settings           [   0,10483] color: 16 (rgba 5650), depth: 16, stencil: 0, acc: 0000, samples: 3/1
display  D   display_settings.c:527  _al_score_display_settings       [   0,10493] Score is : 721
display  D   display_settings.c:212  debug_display_settings           [   0,10504] color: 16 (rgba 5650), depth: 16, stencil: 0, acc: 0000, samples: 4/1
display  D   display_settings.c:527  _al_score_display_settings       [   0,10514] Score is : 717
display  D   display_settings.c:212  debug_display_settings           [   0,10524] color: 32 (rgba 8880), depth: 0, stencil: 0, acc: 0000, samples: 0/0
display  D   display_settings.c:398  _al_score_display_settings       [   0,10535] Single Buffer requirement not met.
display  D   display_settings.c:212  debug_display_settings           [   0,10544] color: 32 (rgba 8880), depth: 0, stencil: 0, acc: 0000, samples: 0/0
display  D   display_settings.c:398  _al_score_display_settings       [   0,10554] Single Buffer requirement not met.
display  D   display_settings.c:212  debug_display_settings           [   0,10563] color: 32 (rgba 8880), depth: 0, stencil: 0, acc: 0000, samples: 2/1
display  D   display_settings.c:398  _al_score_display_settings       [   0,10574] Single Buffer requirement not met.
display  D   display_settings.c:212  debug_display_settings           [   0,10583] color: 32 (rgba 8880), depth: 0, stencil: 0, acc: 0000, samples: 3/1
display  D   display_settings.c:398  _al_score_display_settings       [   0,10593] Single Buffer requirement not met.
display  D   display_settings.c:212  debug_display_settings           [   0,10604] color: 32 (rgba 8880), depth: 0, stencil: 0, acc: 0000, samples: 4/1
display  D   display_settings.c:398  _al_score_display_settings       [   0,10616] Single Buffer requirement not met.
display  D   display_settings.c:212  debug_display_settings           [   0,10625] color: 32 (rgba 8880), depth: 24, stencil: 8, acc: 0000, samples: 0/0
display  D   display_settings.c:398  _al_score_display_settings       [   0,10634] Single Buffer requirement not met.
display  D   display_settings.c:212  debug_display_settings           [   0,10643] color: 32 (rgba 8880), depth: 24, stencil: 8, acc: 0000, samples: 0/0
display  D   display_settings.c:398  _al_score_display_settings       [   0,10655] Single Buffer requirement not met.
display  D   display_settings.c:212  debug_display_settings           [   0,10668] color: 32 (rgba 8880), depth: 24, stencil: 8, acc: 0000, samples: 2/1
display  D   display_settings.c:398  _al_score_display_settings       [   0,10680] Single Buffer requirement not met.
display  D   display_settings.c:212  debug_display_settings           [   0,10693] color: 32 (rgba 8880), depth: 24, stencil: 8, acc: 0000, samples: 3/1
display  D   display_settings.c:398  _al_score_display_settings       [   0,10710] Single Buffer requirement not met.
display  D   display_settings.c:212  debug_display_settings           [   0,10727] color: 32 (rgba 8880), depth: 24, stencil: 8, acc: 0000, samples: 4/1
display  D   display_settings.c:398  _al_score_display_settings       [   0,10744] Single Buffer requirement not met.
display  D   display_settings.c:212  debug_display_settings           [   0,10759] color: 32 (rgba 8880), depth: 24, stencil: 0, acc: 0000, samples: 0/0
display  D   display_settings.c:398  _al_score_display_settings       [   0,10774] Single Buffer requirement not met.
display  D   display_settings.c:212  debug_display_settings           [   0,10787] color: 32 (rgba 8880), depth: 24, stencil: 0, acc: 0000, samples: 0/0
display  D   display_settings.c:398  _al_score_display_settings       [   0,10800] Single Buffer requirement not met.
display  D   display_settings.c:212  debug_display_settings           [   0,10810] color: 32 (rgba 8880), depth: 24, stencil: 0, acc: 0000, samples: 2/1
display  D   display_settings.c:398  _al_score_display_settings       [   0,10821] Single Buffer requirement not met.
display  D   display_settings.c:212  debug_display_settings           [   0,10830] color: 32 (rgba 8880), depth: 24, stencil: 0, acc: 0000, samples: 3/1
display  D   display_settings.c:398  _al_score_display_settings       [   0,10840] Single Buffer requirement not met.
display  D   display_settings.c:212  debug_display_settings           [   0,10850] color: 32 (rgba 8880), depth: 24, stencil: 0, acc: 0000, samples: 4/1
display  D   display_settings.c:398  _al_score_display_settings       [   0,10859] Single Buffer requirement not met.
display  D   display_settings.c:212  debug_display_settings           [   0,10869] color: 32 (rgba 8880), depth: 16, stencil: 0, acc: 0000, samples: 0/0
display  D   display_settings.c:398  _al_score_display_settings       [   0,10879] Single Buffer requirement not met.
display  D   display_settings.c:212  debug_display_settings           [   0,10888] color: 32 (rgba 8880), depth: 16, stencil: 0, acc: 0000, samples: 0/0
display  D   display_settings.c:398  _al_score_display_settings       [   0,10902] Single Buffer requirement not met.
display  D   display_settings.c:212  debug_display_settings           [   0,10911] color: 32 (rgba 8880), depth: 16, stencil: 0, acc: 0000, samples: 2/1
display  D   display_settings.c:398  _al_score_display_settings       [   0,10920] Single Buffer requirement not met.
display  D   display_settings.c:212  debug_display_settings           [   0,10930] color: 32 (rgba 8880), depth: 16, stencil: 0, acc: 0000, samples: 3/1
display  D   display_settings.c:398  _al_score_display_settings       [   0,10940] Single Buffer requirement not met.
display  D   display_settings.c:212  debug_display_settings           [   0,10949] color: 32 (rgba 8880), depth: 16, stencil: 0, acc: 0000, samples: 4/1
display  D   display_settings.c:398  _al_score_display_settings       [   0,10959] Single Buffer requirement not met.
display  D   display_settings.c:212  debug_display_settings           [   0,10968] color: 16 (rgba 5650), depth: 0, stencil: 0, acc: 0000, samples: 0/0
display  D   display_settings.c:398  _al_score_display_settings       [   0,10979] Single Buffer requirement not met.
display  D   display_settings.c:212  debug_display_settings           [   0,10990] color: 16 (rgba 5650), depth: 0, stencil: 0, acc: 0000, samples: 0/0
display  D   display_settings.c:398  _al_score_display_settings       [   0,11003] Single Buffer requirement not met.
display  D   display_settings.c:212  debug_display_settings           [   0,11016] color: 16 (rgba 5650), depth: 0, stencil: 0, acc: 0000, samples: 2/1
display  D   display_settings.c:398  _al_score_display_settings       [   0,11028] Single Buffer requirement not met.
display  D   display_settings.c:212  debug_display_settings           [   0,11039] color: 16 (rgba 5650), depth: 0, stencil: 0, acc: 0000, samples: 3/1
display  D   display_settings.c:398  _al_score_display_settings       [   0,11050] Single Buffer requirement not met.
display  D   display_settings.c:212  debug_display_settings           [   0,11061] color: 16 (rgba 5650), depth: 0, stencil: 0, acc: 0000, samples: 4/1
display  D   display_settings.c:398  _al_score_display_settings       [   0,11071] Single Buffer requirement not met.
display  D   display_settings.c:212  debug_display_settings           [   0,11082] color: 16 (rgba 5650), depth: 24, stencil: 8, acc: 0000, samples: 0/0
display  D   display_settings.c:398  _al_score_display_settings       [   0,11095] Single Buffer requirement not met.
display  D   display_settings.c:212  debug_display_settings           [   0,11136] color: 16 (rgba 5650), depth: 24, stencil: 8, acc: 0000, samples: 0/0
display  D   display_settings.c:398  _al_score_display_settings       [   0,11150] Single Buffer requirement not met.
display  D   display_settings.c:212  debug_display_settings           [   0,11163] color: 16 (rgba 5650), depth: 24, stencil: 8, acc: 0000, samples: 2/1
display  D   display_settings.c:398  _al_score_display_settings       [   0,11177] Single Buffer requirement not met.
display  D   display_settings.c:212  debug_display_settings           [   0,11188] color: 16 (rgba 5650), depth: 24, stencil: 8, acc: 0000, samples: 3/1
display  D   display_settings.c:398  _al_score_display_settings       [   0,11199] Single Buffer requirement not met.
display  D   display_settings.c:212  debug_display_settings           [   0,11211] color: 16 (rgba 5650), depth: 24, stencil: 8, acc: 0000, samples: 4/1
display  D   display_settings.c:398  _al_score_display_settings       [   0,11229] Single Buffer requirement not met.
display  D   display_settings.c:212  debug_display_settings           [   0,11242] color: 16 (rgba 5650), depth: 24, stencil: 0, acc: 0000, samples: 0/0
display  D   display_settings.c:398  _al_score_display_settings       [   0,11261] Single Buffer requirement not met.
display  D   display_settings.c:212  debug_display_settings           [   0,11281] color: 16 (rgba 5650), depth: 24, stencil: 0, acc: 0000, samples: 0/0
display  D   display_settings.c:398  _al_score_display_settings       [   0,11305] Single Buffer requirement not met.
display  D   display_settings.c:212  debug_display_settings           [   0,11326] color: 16 (rgba 5650), depth: 24, stencil: 0, acc: 0000, samples: 2/1
display  D   display_settings.c:398  _al_score_display_settings       [   0,11365] Single Buffer requirement not met.
display  D   display_settings.c:212  debug_display_settings           [   0,11420] color: 16 (rgba 5650), depth: 24, stencil: 0, acc: 0000, samples: 3/1
display  D   display_settings.c:398  _al_score_display_settings       [   0,11443] Single Buffer requirement not met.
display  D   display_settings.c:212  debug_display_settings           [   0,11501] color: 16 (rgba 5650), depth: 24, stencil: 0, acc: 0000, samples: 4/1
display  D   display_settings.c:398  _al_score_display_settings       [   0,11544] Single Buffer requirement not met.
display  D   display_settings.c:212  debug_display_settings           [   0,11570] color: 16 (rgba 5650), depth: 16, stencil: 0, acc: 0000, samples: 0/0
display  D   display_settings.c:398  _al_score_display_settings       [   0,11584] Single Buffer requirement not met.
display  D   display_settings.c:212  debug_display_settings           [   0,11603] color: 16 (rgba 5650), depth: 16, stencil: 0, acc: 0000, samples: 0/0
display  D   display_settings.c:398  _al_score_display_settings       [   0,11615] Single Buffer requirement not met.
display  D   display_settings.c:212  debug_display_settings           [   0,11634] color: 16 (rgba 5650), depth: 16, stencil: 0, acc: 0000, samples: 2/1
display  D   display_settings.c:398  _al_score_display_settings       [   0,11655] Single Buffer requirement not met.
display  D   display_settings.c:212  debug_display_settings           [   0,11667] color: 16 (rgba 5650), depth: 16, stencil: 0, acc: 0000, samples: 3/1
display  D   display_settings.c:398  _al_score_display_settings       [   0,11679] Single Buffer requirement not met.
display  D   display_settings.c:212  debug_display_settings           [   0,11703] color: 16 (rgba 5650), depth: 16, stencil: 0, acc: 0000, samples: 4/1
display  D   display_settings.c:398  _al_score_display_settings       [   0,11723] Single Buffer requirement not met.
display  D   display_settings.c:212  debug_display_settings           [   0,11738] color: 32 (rgba 8880), depth: 0, stencil: 0, acc: 0000, samples: 0/0
display  D   display_settings.c:527  _al_score_display_settings       [   0,11759] Score is : 769
display  D   display_settings.c:212  debug_display_settings           [   0,11774] color: 32 (rgba 8880), depth: 0, stencil: 0, acc: 0000, samples: 0/0
display  D   display_settings.c:527  _al_score_display_settings       [   0,11790] Score is : 769
display  D   display_settings.c:212  debug_display_settings           [   0,11805] color: 32 (rgba 8880), depth: 0, stencil: 0, acc: 0000, samples: 2/1
display  D   display_settings.c:527  _al_score_display_settings       [   0,11818] Score is : 598
display  D   display_settings.c:212  debug_display_settings           [   0,11829] color: 32 (rgba 8880), depth: 0, stencil: 0, acc: 0000, samples: 3/1
display  D   display_settings.c:527  _al_score_display_settings       [   0,11840] Score is : 593
display  D   display_settings.c:212  debug_display_settings           [   0,11852] color: 32 (rgba 8880), depth: 0, stencil: 0, acc: 0000, samples: 4/1
display  D   display_settings.c:527  _al_score_display_settings       [   0,11865] Score is : 589
display  D   display_settings.c:212  debug_display_settings           [   0,11878] color: 32 (rgba 8880), depth: 24, stencil: 8, acc: 0000, samples: 0/0
display  D   display_settings.c:527  _al_score_display_settings       [   0,11892] Score is : 769
display  D   display_settings.c:212  debug_display_settings           [   0,11903] color: 32 (rgba 8880), depth: 24, stencil: 8, acc: 0000, samples: 0/0
display  D   display_settings.c:527  _al_score_display_settings       [   0,11916] Score is : 769
display  D   display_settings.c:212  debug_display_settings           [   0,11931] color: 32 (rgba 8880), depth: 24, stencil: 8, acc: 0000, samples: 2/1
display  D   display_settings.c:527  _al_score_display_settings       [   0,11947] Score is : 598
display  D   display_settings.c:212  debug_display_settings           [   0,11961] color: 32 (rgba 8880), depth: 24, stencil: 8, acc: 0000, samples: 3/1
display  D   display_settings.c:527  _al_score_display_settings       [   0,11973] Score is : 593
display  D   display_settings.c:212  debug_display_settings           [   0,11984] color: 32 (rgba 8880), depth: 24, stencil: 8, acc: 0000, samples: 4/1
display  D   display_settings.c:527  _al_score_display_settings       [   0,11995] Score is : 589
display  D   display_settings.c:212  debug_display_settings           [   0,12004] color: 32 (rgba 8880), depth: 24, stencil: 0, acc: 0000, samples: 0/0
display  D   display_settings.c:527  _al_score_display_settings       [   0,12015] Score is : 769
display  D   display_settings.c:212  debug_display_settings           [   0,12025] color: 32 (rgba 8880), depth: 24, stencil: 0, acc: 0000, samples: 0/0
display  D   display_settings.c:527  _al_score_display_settings       [   0,12039] Score is : 769
display  D   display_settings.c:212  debug_display_settings           [   0,12049] color: 32 (rgba 8880), depth: 24, stencil: 0, acc: 0000, samples: 2/1
display  D   display_settings.c:527  _al_score_display_settings       [   0,12059] Score is : 598
display  D   display_settings.c:212  debug_display_settings           [   0,12067] color: 32 (rgba 8880), depth: 24, stencil: 0, acc: 0000, samples: 3/1
display  D   display_settings.c:527  _al_score_display_settings       [   0,12080] Score is : 593
display  D   display_settings.c:212  debug_display_settings           [   0,12094] color: 32 (rgba 8880), depth: 24, stencil: 0, acc: 0000, samples: 4/1
display  D   display_settings.c:527  _al_score_display_settings       [   0,12106] Score is : 589
display  D   display_settings.c:212  debug_display_settings           [   0,12116] color: 32 (rgba 8880), depth: 16, stencil: 0, acc: 0000, samples: 0/0
display  D   display_settings.c:527  _al_score_display_settings       [   0,12125] Score is : 769
display  D   display_settings.c:212  debug_display_settings           [   0,12133] color: 32 (rgba 8880), depth: 16, stencil: 0, acc: 0000, samples: 0/0
display  D   display_settings.c:527  _al_score_display_settings       [   0,12145] Score is : 769
display  D   display_settings.c:212  debug_display_settings           [   0,12159] color: 32 (rgba 8880), depth: 16, stencil: 0, acc: 0000, samples: 2/1
display  D   display_settings.c:527  _al_score_display_settings       [   0,12175] Score is : 598
display  D   display_settings.c:212  debug_display_settings           [   0,12189] color: 32 (rgba 8880), depth: 16, stencil: 0, acc: 0000, samples: 3/1
display  D   display_settings.c:527  _al_score_display_settings       [   0,12203] Score is : 593
display  D   display_settings.c:212  debug_display_settings           [   0,12217] color: 32 (rgba 8880), depth: 16, stencil: 0, acc: 0000, samples: 4/1
display  D   display_settings.c:527  _al_score_display_settings       [   0,12232] Score is : 589
display  D   display_settings.c:212  debug_display_settings           [   0,12244] color: 16 (rgba 5650), depth: 0, stencil: 0, acc: 0000, samples: 0/0
display  D   display_settings.c:527  _al_score_display_settings       [   0,12260] Score is : 769
display  D   display_settings.c:212  debug_display_settings           [   0,12281] color: 16 (rgba 5650), depth: 0, stencil: 0, acc: 0000, samples: 0/0
display  D   display_settings.c:527  _al_score_display_settings       [   0,12296] Score is : 769
display  D   display_settings.c:212  debug_display_settings           [   0,12310] color: 16 (rgba 5650), depth: 0, stencil: 0, acc: 0000, samples: 2/1
display  D   display_settings.c:527  _al_score_display_settings       [   0,12323] Score is : 598
display  D   display_settings.c:212  debug_display_settings           [   0,12336] color: 16 (rgba 5650), depth: 0, stencil: 0, acc: 0000, samples: 3/1
display  D   display_settings.c:527  _al_score_display_settings       [   0,12349] Score is : 593
display  D   display_settings.c:212  debug_display_settings           [   0,12361] color: 16 (rgba 5650), depth: 0, stencil: 0, acc: 0000, samples: 4/1
display  D   display_settings.c:527  _al_score_display_settings       [   0,12376] Score is : 589
display  D   display_settings.c:212  debug_display_settings           [   0,12389] color: 16 (rgba 5650), depth: 24, stencil: 8, acc: 0000, samples: 0/0
display  D   display_settings.c:527  _al_score_display_settings       [   0,12401] Score is : 769
display  D   display_settings.c:212  debug_display_settings           [   0,12411] color: 16 (rgba 5650), depth: 24, stencil: 8, acc: 0000, samples: 0/0
display  D   display_settings.c:527  _al_score_display_settings       [   0,12425] Score is : 769
display  D   display_settings.c:212  debug_display_settings           [   0,12437] color: 16 (rgba 5650), depth: 24, stencil: 8, acc: 0000, samples: 2/1
display  D   display_settings.c:527  _al_score_display_settings       [   0,12450] Score is : 598
display  D   display_settings.c:212  debug_display_settings           [   0,12463] color: 16 (rgba 5650), depth: 24, stencil: 8, acc: 0000, samples: 3/1
display  D   display_settings.c:527  _al_score_display_settings       [   0,12477] Score is : 593
display  D   display_settings.c:212  debug_display_settings           [   0,12490] color: 16 (rgba 5650), depth: 24, stencil: 8, acc: 0000, samples: 4/1
display  D   display_settings.c:527  _al_score_display_settings       [   0,12504] Score is : 589
display  D   display_settings.c:212  debug_display_settings           [   0,12515] color: 16 (rgba 5650), depth: 24, stencil: 0, acc: 0000, samples: 0/0
display  D   display_settings.c:527  _al_score_display_settings       [   0,12528] Score is : 769
display  D   display_settings.c:212  debug_display_settings           [   0,12543] color: 16 (rgba 5650), depth: 24, stencil: 0, acc: 0000, samples: 0/0
display  D   display_settings.c:527  _al_score_display_settings       [   0,12564] Score is : 769
display  D   display_settings.c:212  debug_display_settings           [   0,12585] color: 16 (rgba 5650), depth: 24, stencil: 0, acc: 0000, samples: 2/1
display  D   display_settings.c:527  _al_score_display_settings       [   0,12602] Score is : 598
display  D   display_settings.c:212  debug_display_settings           [   0,12614] color: 16 (rgba 5650), depth: 24, stencil: 0, acc: 0000, samples: 3/1
display  D   display_settings.c:527  _al_score_display_settings       [   0,12629] Score is : 593
display  D   display_settings.c:212  debug_display_settings           [   0,12642] color: 16 (rgba 5650), depth: 24, stencil: 0, acc: 0000, samples: 4/1
display  D   display_settings.c:527  _al_score_display_settings       [   0,12655] Score is : 589
display  D   display_settings.c:212  debug_display_settings           [   0,12666] color: 16 (rgba 5650), depth: 16, stencil: 0, acc: 0000, samples: 0/0
display  D   display_settings.c:527  _al_score_display_settings       [   0,12677] Score is : 769
display  D   display_settings.c:212  debug_display_settings           [   0,12689] color: 16 (rgba 5650), depth: 16, stencil: 0, acc: 0000, samples: 0/0
display  D   display_settings.c:527  _al_score_display_settings       [   0,12797] Score is : 769
display  D   display_settings.c:212  debug_display_settings           [   0,12850] color: 16 (rgba 5650), depth: 16, stencil: 0, acc: 0000, samples: 2/1
display  D   display_settings.c:527  _al_score_display_settings       [   0,12871] Score is : 598
display  D   display_settings.c:212  debug_display_settings           [   0,12884] color: 16 (rgba 5650), depth: 16, stencil: 0, acc: 0000, samples: 3/1
display  D   display_settings.c:527  _al_score_display_settings       [   0,12911] Score is : 593
display  D   display_settings.c:212  debug_display_settings           [   0,12931] color: 16 (rgba 5650), depth: 16, stencil: 0, acc: 0000, samples: 4/1
display  D   display_settings.c:527  _al_score_display_settings       [   0,12974] Score is : 589
display  D   display_settings.c:212  debug_display_settings           [   0,12993] color: 32 (rgba 8880), depth: 0, stencil: 0, acc: 0000, samples: 0/0
display  D   display_settings.c:398  _al_score_display_settings       [   0,13023] Single Buffer requirement not met.
display  D   display_settings.c:212  debug_display_settings           [   0,13073] color: 32 (rgba 8880), depth: 0, stencil: 0, acc: 0000, samples: 0/0
display  D   display_settings.c:398  _al_score_display_settings       [   0,13091] Single Buffer requirement not met.
display  D   display_settings.c:212  debug_display_settings           [   0,13123] color: 32 (rgba 8880), depth: 0, stencil: 0, acc: 0000, samples: 2/1
display  D   display_settings.c:398  _al_score_display_settings       [   0,13149] Single Buffer requirement not met.
display  D   display_settings.c:212  debug_display_settings           [   0,13161] color: 32 (rgba 8880), depth: 0, stencil: 0, acc: 0000, samples: 3/1
display  D   display_settings.c:398  _al_score_display_settings       [   0,13173] Single Buffer requirement not met.
display  D   display_settings.c:212  debug_display_settings           [   0,13189] color: 32 (rgba 8880), depth: 0, stencil: 0, acc: 0000, samples: 4/1
display  D   display_settings.c:398  _al_score_display_settings       [   0,13205] Single Buffer requirement not met.
display  D   display_settings.c:212  debug_display_settings           [   0,13220] color: 32 (rgba 8880), depth: 24, stencil: 8, acc: 0000, samples: 0/0
display  D   display_settings.c:398  _al_score_display_settings       [   0,13233] Single Buffer requirement not met.
display  D   display_settings.c:212  debug_display_settings           [   0,13247] color: 32 (rgba 8880), depth: 24, stencil: 8, acc: 0000, samples: 0/0
display  D   display_settings.c:398  _al_score_display_settings       [   0,13262] Single Buffer requirement not met.
display  D   display_settings.c:212  debug_display_settings           [   0,13274] color: 32 (rgba 8880), depth: 24, stencil: 8, acc: 0000, samples: 2/1
display  D   display_settings.c:398  _al_score_display_settings       [   0,13285] Single Buffer requirement not met.
display  D   display_settings.c:212  debug_display_settings           [   0,13296] color: 32 (rgba 8880), depth: 24, stencil: 8, acc: 0000, samples: 3/1
display  D   display_settings.c:398  _al_score_display_settings       [   0,13307] Single Buffer requirement not met.
display  D   display_settings.c:212  debug_display_settings           [   0,13316] color: 32 (rgba 8880), depth: 24, stencil: 8, acc: 0000, samples: 4/1
display  D   display_settings.c:398  _al_score_display_settings       [   0,13330] Single Buffer requirement not met.
display  D   display_settings.c:212  debug_display_settings           [   0,13341] color: 32 (rgba 8880), depth: 24, stencil: 0, acc: 0000, samples: 0/0
display  D   display_settings.c:398  _al_score_display_settings       [   0,13355] Single Buffer requirement not met.
display  D   display_settings.c:212  debug_display_settings           [   0,13368] color: 32 (rgba 8880), depth: 24, stencil: 0, acc: 0000, samples: 0/0
display  D   display_settings.c:398  _al_score_display_settings       [   0,13381] Single Buffer requirement not met.
display  D   display_settings.c:212  debug_display_settings           [   0,13393] color: 32 (rgba 8880), depth: 24, stencil: 0, acc: 0000, samples: 2/1
display  D   display_settings.c:398  _al_score_display_settings       [   0,13407] Single Buffer requirement not met.
display  D   display_settings.c:212  debug_display_settings           [   0,13420] color: 32 (rgba 8880), depth: 24, stencil: 0, acc: 0000, samples: 3/1
display  D   display_settings.c:398  _al_score_display_settings       [   0,13434] Single Buffer requirement not met.
display  D   display_settings.c:212  debug_display_settings           [   0,13448] color: 32 (rgba 8880), depth: 24, stencil: 0, acc: 0000, samples: 4/1
display  D   display_settings.c:398  _al_score_display_settings       [   0,13463] Single Buffer requirement not met.
display  D   display_settings.c:212  debug_display_settings           [   0,13475] color: 32 (rgba 8880), depth: 16, stencil: 0, acc: 0000, samples: 0/0
display  D   display_settings.c:398  _al_score_display_settings       [   0,13485] Single Buffer requirement not met.
display  D   display_settings.c:212  debug_display_settings           [   0,13496] color: 32 (rgba 8880), depth: 16, stencil: 0, acc: 0000, samples: 0/0
display  D   display_settings.c:398  _al_score_display_settings       [   0,13507] Single Buffer requirement not met.
display  D   display_settings.c:212  debug_display_settings           [   0,13520] color: 32 (rgba 8880), depth: 16, stencil: 0, acc: 0000, samples: 2/1
display  D   display_settings.c:398  _al_score_display_settings       [   0,13534] Single Buffer requirement not met.
display  D   display_settings.c:212  debug_display_settings           [   0,13546] color: 32 (rgba 8880), depth: 16, stencil: 0, acc: 0000, samples: 3/1
display  D   display_settings.c:398  _al_score_display_settings       [   0,13557] Single Buffer requirement not met.
display  D   display_settings.c:212  debug_display_settings           [   0,13568] color: 32 (rgba 8880), depth: 16, stencil: 0, acc: 0000, samples: 4/1
display  D   display_settings.c:398  _al_score_display_settings       [   0,13583] Single Buffer requirement not met.
display  D   display_settings.c:212  debug_display_settings           [   0,13593] color: 16 (rgba 5650), depth: 0, stencil: 0, acc: 0000, samples: 0/0
display  D   display_settings.c:398  _al_score_display_settings       [   0,13606] Single Buffer requirement not met.
display  D   display_settings.c:212  debug_display_settings           [   0,13615] color: 16 (rgba 5650), depth: 0, stencil: 0, acc: 0000, samples: 0/0
display  D   display_settings.c:398  _al_score_display_settings       [   0,13627] Single Buffer requirement not met.
display  D   display_settings.c:212  debug_display_settings           [   0,13636] color: 16 (rgba 5650), depth: 0, stencil: 0, acc: 0000, samples: 2/1
display  D   display_settings.c:398  _al_score_display_settings       [   0,13647] Single Buffer requirement not met.
display  D   display_settings.c:212  debug_display_settings           [   0,13656] color: 16 (rgba 5650), depth: 0, stencil: 0, acc: 0000, samples: 3/1
display  D   display_settings.c:398  _al_score_display_settings       [   0,13668] Single Buffer requirement not met.
display  D   display_settings.c:212  debug_display_settings           [   0,13682] color: 16 (rgba 5650), depth: 0, stencil: 0, acc: 0000, samples: 4/1
display  D   display_settings.c:398  _al_score_display_settings       [   0,13694] Single Buffer requirement not met.
display  D   display_settings.c:212  debug_display_settings           [   0,13705] color: 16 (rgba 5650), depth: 24, stencil: 8, acc: 0000, samples: 0/0
display  D   display_settings.c:398  _al_score_display_settings       [   0,13716] Single Buffer requirement not met.
display  D   display_settings.c:212  debug_display_settings           [   0,13725] color: 16 (rgba 5650), depth: 24, stencil: 8, acc: 0000, samples: 0/0
display  D   display_settings.c:398  _al_score_display_settings       [   0,13736] Single Buffer requirement not met.
display  D   display_settings.c:212  debug_display_settings           [   0,13751] color: 16 (rgba 5650), depth: 24, stencil: 8, acc: 0000, samples: 2/1
display  D   display_settings.c:398  _al_score_display_settings       [   0,13761] Single Buffer requirement not met.
display  D   display_settings.c:212  debug_display_settings           [   0,13772] color: 16 (rgba 5650), depth: 24, stencil: 8, acc: 0000, samples: 3/1
display  D   display_settings.c:398  _al_score_display_settings       [   0,13781] Single Buffer requirement not met.
display  D   display_settings.c:212  debug_display_settings           [   0,13792] color: 16 (rgba 5650), depth: 24, stencil: 8, acc: 0000, samples: 4/1
display  D   display_settings.c:398  _al_score_display_settings       [   0,13803] Single Buffer requirement not met.
display  D   display_settings.c:212  debug_display_settings           [   0,13812] color: 16 (rgba 5650), depth: 24, stencil: 0, acc: 0000, samples: 0/0
display  D   display_settings.c:398  _al_score_display_settings       [   0,13824] Single Buffer requirement not met.
display  D   display_settings.c:212  debug_display_settings           [   0,13834] color: 16 (rgba 5650), depth: 24, stencil: 0, acc: 0000, samples: 0/0
display  D   display_settings.c:398  _al_score_display_settings       [   0,13843] Single Buffer requirement not met.
display  D   display_settings.c:212  debug_display_settings           [   0,13852] color: 16 (rgba 5650), depth: 24, stencil: 0, acc: 0000, samples: 2/1
display  D   display_settings.c:398  _al_score_display_settings       [   0,13862] Single Buffer requirement not met.
display  D   display_settings.c:212  debug_display_settings           [   0,13871] color: 16 (rgba 5650), depth: 24, stencil: 0, acc: 0000, samples: 3/1
display  D   display_settings.c:398  _al_score_display_settings       [   0,13880] Single Buffer requirement not met.
display  D   display_settings.c:212  debug_display_settings           [   0,13891] color: 16 (rgba 5650), depth: 24, stencil: 0, acc: 0000, samples: 4/1
display  D   display_settings.c:398  _al_score_display_settings       [   0,13900] Single Buffer requirement not met.
display  D   display_settings.c:212  debug_display_settings           [   0,13908] color: 16 (rgba 5650), depth: 16, stencil: 0, acc: 0000, samples: 0/0
display  D   display_settings.c:398  _al_score_display_settings       [   0,13920] Single Buffer requirement not met.
display  D   display_settings.c:212  debug_display_settings           [   0,13930] color: 16 (rgba 5650), depth: 16, stencil: 0, acc: 0000, samples: 0/0
display  D   display_settings.c:398  _al_score_display_settings       [   0,13942] Single Buffer requirement not met.
display  D   display_settings.c:212  debug_display_settings           [   0,13952] color: 16 (rgba 5650), depth: 16, stencil: 0, acc: 0000, samples: 2/1
display  D   display_settings.c:398  _al_score_display_settings       [   0,13962] Single Buffer requirement not met.
display  D   display_settings.c:212  debug_display_settings           [   0,13971] color: 16 (rgba 5650), depth: 16, stencil: 0, acc: 0000, samples: 3/1
display  D   display_settings.c:398  _al_score_display_settings       [   0,13981] Single Buffer requirement not met.
display  D   display_settings.c:212  debug_display_settings           [   0,13990] color: 16 (rgba 5650), depth: 16, stencil: 0, acc: 0000, samples: 4/1
display  D   display_settings.c:398  _al_score_display_settings       [   0,14000] Single Buffer requirement not met.
d3d      D         d3d_disp.cpp:1682 d3d_create_display_internals     [   0,14015] Trying format 0.
d3d      I         d3d_disp.cpp:1358 d3d_display_thread_proc          [   0,14104] Chose a display format: 23
d3d      I         d3d_disp.cpp:1427 d3d_display_thread_proc          [   0,14117] Normal window.
d3d      I         d3d_disp.cpp:791  d3d_create_device                [   0,18678] Using no depth stencil buffer
d3d      D         d3d_disp.cpp:853  d3d_create_device                [   0,31969] BeginScene succeeded in create_device
d3d      D         d3d_disp.cpp:861  d3d_create_device                [   0,32062] Success
d3d      D         d3d_disp.cpp:1705 d3d_create_display_internals     [   0,32084] Resumed after wait.
d3d      I         d3d_disp.cpp:1738 d3d_create_display_internals     [   0,32113] Format 0 succeeded.
d3d      D         d3d_disp.cpp:1769 d3d_create_display_internals     [   0,32134] Returning d3d_display: 0111F758
d3d      D         d3d_disp.cpp:1794 d3d_create_display_locked        [   0,32158] al_display=0111F758
d3d      D         d3d_disp.cpp:1795 d3d_create_display_locked        [   0,32200] al_display->vt=0109EE50
system   D            wsystem.c:819  maybe_parent_dir                 [   0,32277] Also searching F:\Github\SnakeGame\
system   D            wsystem.c:874  _al_win_safe_load_library        [   0,32332] PathFindOnPath found: C:\WINDOWS\system32\d3dx9_43.dll
system   D            wsystem.c:780  load_library_at_path             [   0,32355] Calling LoadLibrary C:\WINDOWS\system32\d3dx9_43.dll
system   I            wsystem.c:783  load_library_at_path             [   0,32581] Loaded C:\WINDOWS\system32\d3dx9_43.dll
d3dx9    I        d3d_d3dx9.cpp:88   _imp_load_d3dx9_module_version   [   0,32597] Module "d3dx9_43.dll" loaded.
dtor     D               dtor.c:196  _al_register_destructor          [   0,32618] added dtor for queue 055F7B78, func 78EF170D
dtor     D               dtor.c:196  _al_register_destructor          [   0,32642] added dtor for bitmap 055F8798, func 78EF17D0
dtor     D               dtor.c:196  _al_register_destructor          [   0,32737] added dtor for bitmap 05547840, func 78EF17D0
d3d      D         d3d_disp.cpp:1202 real_choose_bitmap_format        [   0,33136] Fake format
d3d      D         d3d_disp.cpp:1202 real_choose_bitmap_format        [   0,33171] Fake format
d3d      D         d3d_disp.cpp:1202 real_choose_bitmap_format        [   0,33185] Fake format
d3d      D         d3d_disp.cpp:1202 real_choose_bitmap_format        [   0,33198] Fake format
d3d      D         d3d_disp.cpp:1202 real_choose_bitmap_format        [   0,33216] Fake format
d3d      D         d3d_disp.cpp:1202 real_choose_bitmap_format        [   0,33233] Fake format
d3d      D         d3d_disp.cpp:1202 real_choose_bitmap_format        [   0,33253] Fake format
d3d      D         d3d_disp.cpp:1202 real_choose_bitmap_format        [   0,33275] Fake format
d3d      D         d3d_disp.cpp:1202 real_choose_bitmap_format        [   0,33306] Fake format
d3d      D         d3d_disp.cpp:1210 real_choose_bitmap_format        [   0,33321] Alpha doesn't match
d3d      D         d3d_disp.cpp:1217 real_choose_bitmap_format        [   0,33338] Adapter format is 23
d3d      D         d3d_disp.cpp:1220 real_choose_bitmap_format        [   0,33350] Found a format
d3d      I         d3d_disp.cpp:2391 d3d_create_bitmap                [   0,33363] Chose bitmap format 9
dtor     D               dtor.c:196  _al_register_destructor          [   0,33505] added dtor for bitmap 05547B90, func 78EF17D0
dtor     D               dtor.c:196  _al_register_destructor          [   0,33573] added dtor for sub_bitmap 05553C18, func 78EF17D0
dtor     D               dtor.c:196  _al_register_destructor          [   0,33594] added dtor for sub_bitmap 05553DB8, func 78EF17D0
dtor     D               dtor.c:196  _al_register_destructor          [   0,33610] added dtor for sub_bitmap 05553F58, func 78EF17D0
dtor     D               dtor.c:196  _al_register_destructor          [   0,33626] added dtor for sub_bitmap 0562BF68, func 78EF17D0
dtor     D               dtor.c:196  _al_register_destructor          [   0,33642] added dtor for sub_bitmap 0562C108, func 78EF17D0
dtor     D               dtor.c:196  _al_register_destructor          [   0,33656] added dtor for sub_bitmap 0562C2A8, func 78EF17D0
dtor     D               dtor.c:196  _al_register_destructor          [   0,33669] added dtor for sub_bitmap 0562C448, func 78EF17D0
dtor     D               dtor.c:196  _al_register_destructor          [   0,33682] added dtor for sub_bitmap 0562C5E8, func 78EF17D0
dtor     D               dtor.c:196  _al_register_destructor          [   0,33734] added dtor for sub_bitmap 0562C788, func 78EF17D0
dtor     D               dtor.c:196  _al_register_destructor          [   0,33752] added dtor for sub_bitmap 0562C928, func 78EF17D0
dtor     D               dtor.c:196  _al_register_destructor          [   0,33766] added dtor for sub_bitmap 0562CAC8, func 78EF17D0
dtor     D               dtor.c:196  _al_register_destructor          [   0,33782] added dtor for sub_bitmap 0562CC68, func 78EF17D0
dtor     D               dtor.c:196  _al_register_destructor          [   0,33799] added dtor for sub_bitmap 0562CE08, func 78EF17D0
dtor     D               dtor.c:196  _al_register_destructor          [   0,33817] added dtor for sub_bitmap 0B90E1B8, func 78EF17D0
dtor     D               dtor.c:196  _al_register_destructor          [   0,33855] added dtor for sub_bitmap 0562D4C8, func 78EF17D0
dtor     D               dtor.c:196  _al_register_destructor          [   0,33871] added dtor for sub_bitmap 0562DD10, func 78EF17D0
dtor     D               dtor.c:196  _al_register_destructor          [   0,33884] added dtor for sub_bitmap 0562D818, func 78EF17D0
dtor     D               dtor.c:196  _al_register_destructor          [   0,33905] added dtor for sub_bitmap 0562D670, func 78EF17D0
dtor     D               dtor.c:196  _al_register_destructor          [   0,33916] added dtor for sub_bitmap 0562D320, func 78EF17D0
dtor     D               dtor.c:196  _al_register_destructor          [   0,33933] added dtor for sub_bitmap 0562D9C0, func 78EF17D0
dtor     D               dtor.c:196  _al_register_destructor          [   0,33947] added dtor for sub_bitmap 0562DB68, func 78EF17D0
dtor     D               dtor.c:196  _al_register_destructor          [   0,33961] added dtor for sub_bitmap 0562CFD0, func 78EF17D0
dtor     D               dtor.c:196  _al_register_destructor          [   0,33976] added dtor for sub_bitmap 0562D178, func 78EF17D0
dtor     D               dtor.c:196  _al_register_destructor          [   0,33989] added dtor for sub_bitmap 0558E6F0, func 78EF17D0
dtor     D               dtor.c:196  _al_register_destructor          [   0,34014] added dtor for sub_bitmap 0558DD00, func 78EF17D0
dtor     D               dtor.c:196  _al_register_destructor          [   0,34029] added dtor for sub_bitmap 0558EBE8, func 78EF17D0
dtor     D               dtor.c:196  _al_register_destructor          [   0,34060] added dtor for sub_bitmap 0558D660, func 78EF17D0
dtor     D               dtor.c:196  _al_register_destructor          [   0,34089] added dtor for sub_bitmap 0558CFC0, func 78EF17D0
dtor     D               dtor.c:196  _al_register_destructor          [   0,34129] added dtor for sub_bitmap 0558CE18, func 78EF17D0
dtor     D               dtor.c:196  _al_register_destructor          [   0,34150] added dtor for sub_bitmap 0558D4B8, func 78EF17D0
dtor     D               dtor.c:196  _al_register_destructor          [   0,34174] added dtor for sub_bitmap 0558EA40, func 78EF17D0
dtor     D               dtor.c:196  _al_register_destructor          [   0,34188] added dtor for sub_bitmap 0558D168, func 78EF17D0
dtor     D               dtor.c:196  _al_register_destructor          [   0,34201] added dtor for sub_bitmap 0558DEA8, func 78EF17D0
dtor     D               dtor.c:196  _al_register_destructor          [   0,34214] added dtor for sub_bitmap 0558D310, func 78EF17D0
dtor     D               dtor.c:196  _al_register_destructor          [   0,34225] added dtor for sub_bitmap 0558D808, func 78EF17D0
dtor     D               dtor.c:196  _al_register_destructor          [   0,34237] added dtor for sub_bitmap 0558D9B0, func 78EF17D0
dtor     D               dtor.c:196  _al_register_destructor          [   0,34253] added dtor for sub_bitmap 0558E050, func 78EF17D0
dtor     D               dtor.c:196  _al_register_destructor          [   0,34268] added dtor for sub_bitmap 0558DB58, func 78EF17D0
dtor     D               dtor.c:196  _al_register_destructor          [   0,34281] added dtor for sub_bitmap 0558E548, func 78EF17D0
dtor     D               dtor.c:196  _al_register_destructor          [   0,34293] added dtor for sub_bitmap 0558E1F8, func 78EF17D0
dtor     D               dtor.c:196  _al_register_destructor          [   0,34309] added dtor for sub_bitmap 0558E3A0, func 78EF17D0
dtor     D               dtor.c:196  _al_register_destructor          [   0,34324] added dtor for sub_bitmap 0558E898, func 78EF17D0
dtor     D               dtor.c:196  _al_register_destructor          [   0,34344] added dtor for sub_bitmap 0562EEC0, func 78EF17D0
dtor     D               dtor.c:196  _al_register_destructor          [   0,34387] added dtor for sub_bitmap 0562E4D0, func 78EF17D0
dtor     D               dtor.c:196  _al_register_destructor          [   0,34405] added dtor for sub_bitmap 0562E328, func 78EF17D0
dtor     D               dtor.c:196  _al_register_destructor          [   0,34440] added dtor for sub_bitmap 0562ED18, func 78EF17D0
dtor     D               dtor.c:196  _al_register_destructor          [   0,34461] added dtor for sub_bitmap 0562F210, func 78EF17D0
dtor     D               dtor.c:196  _al_register_destructor          [   0,34476] added dtor for sub_bitmap 0562F068, func 78EF17D0
dtor     D               dtor.c:196  _al_register_destructor          [   0,34497] added dtor for sub_bitmap 0562F8B0, func 78EF17D0
dtor     D               dtor.c:196  _al_register_destructor          [   0,34510] added dtor for sub_bitmap 0562EB70, func 78EF17D0
dtor     D               dtor.c:196  _al_register_destructor          [   0,34525] added dtor for sub_bitmap 0562E9C8, func 78EF17D0
dtor     D               dtor.c:196  _al_register_destructor          [   0,34538] added dtor for sub_bitmap 0562E180, func 78EF17D0
dtor     D               dtor.c:196  _al_register_destructor          [   0,34550] added dtor for sub_bitmap 0562E820, func 78EF17D0
dtor     D               dtor.c:196  _al_register_destructor          [   0,34564] added dtor for sub_bitmap 0562F3B8, func 78EF17D0
dtor     D               dtor.c:196  _al_register_destructor          [   0,34581] added dtor for sub_bitmap 0562F560, func 78EF17D0
dtor     D               dtor.c:196  _al_register_destructor          [   0,34598] added dtor for sub_bitmap 0562F708, func 78EF17D0
dtor     D               dtor.c:196  _al_register_destructor          [   0,34612] added dtor for sub_bitmap 0562FA58, func 78EF17D0
dtor     D               dtor.c:196  _al_register_destructor          [   0,34625] added dtor for sub_bitmap 0562FC00, func 78EF17D0
dtor     D               dtor.c:196  _al_register_destructor          [   0,34644] added dtor for sub_bitmap 0562FDA8, func 78EF17D0
dtor     D               dtor.c:196  _al_register_destructor          [   0,34659] added dtor for sub_bitmap 0562E678, func 78EF17D0
dtor     D               dtor.c:196  _al_register_destructor          [   0,34679] added dtor for sub_bitmap 0562DFD8, func 78EF17D0
dtor     D               dtor.c:196  _al_register_destructor          [   0,34704] added dtor for sub_bitmap 05633220, func 78EF17D0
dtor     D               dtor.c:196  _al_register_destructor          [   0,34762] added dtor for sub_bitmap 056329D8, func 78EF17D0
dtor     D               dtor.c:196  _al_register_destructor          [   0,34800] added dtor for sub_bitmap 05633C10, func 78EF17D0
dtor     D               dtor.c:196  _al_register_destructor          [   0,34890] added dtor for sub_bitmap 05633DB8, func 78EF17D0
dtor     D               dtor.c:196  _al_register_destructor          [   0,35006] added dtor for sub_bitmap 056333C8, func 78EF17D0
dtor     D               dtor.c:196  _al_register_destructor          [   0,35024] added dtor for sub_bitmap 05633570, func 78EF17D0
dtor     D               dtor.c:196  _al_register_destructor          [   0,35058] added dtor for sub_bitmap 05633A68, func 78EF17D0
dtor     D               dtor.c:196  _al_register_destructor          [   0,35073] added dtor for sub_bitmap 05631FE8, func 78EF17D0
dtor     D               dtor.c:196  _al_register_destructor          [   0,35092] added dtor for sub_bitmap 05632D28, func 78EF17D0
dtor     D               dtor.c:196  _al_register_destructor          [   0,35105] added dtor for sub_bitmap 056324E0, func 78EF17D0
dtor     D               dtor.c:196  _al_register_destructor          [   0,35119] added dtor for sub_bitmap 05633718, func 78EF17D0
dtor     D               dtor.c:196  _al_register_destructor          [   0,35136] added dtor for sub_bitmap 056338C0, func 78EF17D0
dtor     D               dtor.c:196  _al_register_destructor          [   0,35184] added dtor for sub_bitmap 05632338, func 78EF17D0
dtor     D               dtor.c:196  _al_register_destructor          [   0,35222] added dtor for sub_bitmap 05632830, func 78EF17D0
dtor     D               dtor.c:196  _al_register_destructor          [   0,35243] added dtor for sub_bitmap 05632ED0, func 78EF17D0
dtor     D               dtor.c:196  _al_register_destructor          [   0,35263] added dtor for sub_bitmap 05632190, func 78EF17D0
dtor     D               dtor.c:196  _al_register_destructor          [   0,35283] added dtor for sub_bitmap 05633078, func 78EF17D0
dtor     D               dtor.c:196  _al_register_destructor          [   0,35302] added dtor for sub_bitmap 05632688, func 78EF17D0
dtor     D               dtor.c:196  _al_register_destructor          [   0,35319] added dtor for sub_bitmap 05632B80, func 78EF17D0
dtor     D               dtor.c:196  _al_register_destructor          [   0,35349] added dtor for sub_bitmap 05636230, func 78EF17D0
dtor     D               dtor.c:196  _al_register_destructor          [   0,35364] added dtor for sub_bitmap 05636728, func 78EF17D0
dtor     D               dtor.c:196  _al_register_destructor          [   0,35378] added dtor for sub_bitmap 05635840, func 78EF17D0
dtor     D               dtor.c:196  _al_register_destructor          [   0,35391] added dtor for sub_bitmap 056363D8, func 78EF17D0
dtor     D               dtor.c:196  _al_register_destructor          [   0,35408] added dtor for sub_bitmap 05635698, func 78EF17D0
dtor     D               dtor.c:196  _al_register_destructor          [   0,35425] added dtor for sub_bitmap 05635EE0, func 78EF17D0
dtor     D               dtor.c:196  _al_register_destructor          [   0,35438] added dtor for sub_bitmap 056368D0, func 78EF17D0
dtor     D               dtor.c:196  _al_register_destructor          [   0,35451] added dtor for sub_bitmap 05636088, func 78EF17D0
dtor     D               dtor.c:196  _al_register_destructor          [   0,35466] added dtor for sub_bitmap 05636DC8, func 78EF17D0
dtor     D               dtor.c:196  _al_register_destructor          [   0,35484] added dtor for sub_bitmap 056359E8, func 78EF17D0
dtor     D               dtor.c:196  _al_register_destructor          [   0,35502] added dtor for sub_bitmap 056351A0, func 78EF17D0
dtor     D               dtor.c:196  _al_register_destructor          [   0,35517] added dtor for sub_bitmap 05634FF8, func 78EF17D0
dtor     D               dtor.c:196  _al_register_destructor          [   0,35539] added dtor for sub_bitmap 05635B90, func 78EF17D0
dtor     D               dtor.c:196  _al_register_destructor          [   0,35555] added dtor for sub_bitmap 05636C20, func 78EF17D0
dtor     D               dtor.c:196  _al_register_destructor          [   0,35571] added dtor for sub_bitmap 05635348, func 78EF17D0
dtor     D               dtor.c:196  _al_register_destructor          [   0,35589] added dtor for sub_bitmap 05636580, func 78EF17D0
dtor     D               dtor.c:196  _al_register_destructor          [   0,35607] added dtor for sub_bitmap 05635D38, func 78EF17D0
dtor     D               dtor.c:196  _al_register_destructor          [   0,35622] added dtor for sub_bitmap 056354F0, func 78EF17D0
dtor     D               dtor.c:196  _al_register_destructor          [   0,35639] added dtor for sub_bitmap 05636A78, func 78EF17D0
dtor     D               dtor.c:196  _al_register_destructor          [   0,35656] added dtor for sub_bitmap 05637000, func 78EF17D0
dtor     D               dtor.c:196  _al_register_destructor          [   0,35670] added dtor for sub_bitmap 056379F0, func 78EF17D0
dtor     D               dtor.c:196  _al_register_destructor          [   0,35684] added dtor for sub_bitmap 056371A8, func 78EF17D0
dtor     D               dtor.c:196  _al_register_destructor          [   0,35697] added dtor for sub_bitmap 05637350, func 78EF17D0
dtor     D               dtor.c:196  _al_register_destructor          [   0,35710] added dtor for sub_bitmap 05637D40, func 78EF17D0
dtor     D               dtor.c:196  _al_register_destructor          [   0,35727] added dtor for sub_bitmap 05638A80, func 78EF17D0
dtor     D               dtor.c:196  _al_register_destructor          [   0,35741] added dtor for sub_bitmap 05637EE8, func 78EF17D0
dtor     D               dtor.c:196  _al_register_destructor          [   0,35756] added dtor for sub_bitmap 05638C28, func 78EF17D0
dtor     D               dtor.c:196  _al_register_destructor          [   0,35771] added dtor for sub_bitmap 05638090, func 78EF17D0
dtor     D               dtor.c:196  _al_register_destructor          [   0,35782] added dtor for sub_bitmap 056374F8, func 78EF17D0
dtor     D               dtor.c:196  _al_register_destructor          [   0,35792] added dtor for sub_bitmap 05637B98, func 78EF17D0
dtor     D               dtor.c:196  _al_register_destructor          [   0,35806] added dtor for sub_bitmap 05638588, func 78EF17D0
dtor     D               dtor.c:196  _al_register_destructor          [   0,35819] added dtor for sub_bitmap 05638238, func 78EF17D0
dtor     D               dtor.c:196  _al_register_destructor          [   0,35831] added dtor for sub_bitmap 056383E0, func 78EF17D0
dtor     D               dtor.c:196  _al_register_destructor          [   0,35845] added dtor for sub_bitmap 05638730, func 78EF17D0
dtor     D               dtor.c:196  _al_register_destructor          [   0,35858] added dtor for sub_bitmap 056388D8, func 78EF17D0
dtor     D               dtor.c:196  _al_register_destructor          [   0,35872] added dtor for sub_bitmap 056376A0, func 78EF17D0
dtor     D               dtor.c:196  _al_register_destructor          [   0,35889] added dtor for sub_bitmap 05638DD0, func 78EF17D0
dtor     D               dtor.c:196  _al_register_destructor          [   0,35902] added dtor for sub_bitmap 05637848, func 78EF17D0
dtor     D               dtor.c:196  _al_register_destructor          [   0,35915] added dtor for sub_bitmap 05639850, func 78EF17D0
dtor     D               dtor.c:196  _al_register_destructor          [   0,35927] added dtor for sub_bitmap 0563AC30, func 78EF17D0
dtor     D               dtor.c:196  _al_register_destructor          [   0,35942] added dtor for sub_bitmap 0563ADD8, func 78EF17D0
dtor     D               dtor.c:196  _al_register_destructor          [   0,35958] added dtor for sub_bitmap 0563AA88, func 78EF17D0
dtor     D               dtor.c:196  _al_register_destructor          [   0,35973] added dtor for sub_bitmap 056399F8, func 78EF17D0
dtor     D               dtor.c:196  _al_register_destructor          [   0,35987] added dtor for sub_bitmap 056396A8, func 78EF17D0
dtor     D               dtor.c:196  _al_register_destructor          [   0,36001] added dtor for sub_bitmap 05639D48, func 78EF17D0
dtor     D               dtor.c:196  _al_register_destructor          [   0,36016] added dtor for sub_bitmap 05639BA0, func 78EF17D0
dtor     D               dtor.c:196  _al_register_destructor          [   0,36030] added dtor for sub_bitmap 05639008, func 78EF17D0
dtor     D               dtor.c:196  _al_register_destructor          [   0,36044] added dtor for sub_bitmap 056391B0, func 78EF17D0
dtor     D               dtor.c:196  _al_register_destructor          [   0,36057] added dtor for sub_bitmap 0563A098, func 78EF17D0
dtor     D               dtor.c:196  _al_register_destructor          [   0,36070] added dtor for sub_bitmap 0563A590, func 78EF17D0
dtor     D               dtor.c:196  _al_register_destructor          [   0,36085] added dtor for sub_bitmap 0563A240, func 78EF17D0
dtor     D               dtor.c:196  _al_register_destructor          [   0,36097] added dtor for sub_bitmap 05639500, func 78EF17D0
dtor     D               dtor.c:196  _al_register_destructor          [   0,36111] added dtor for sub_bitmap 05639EF0, func 78EF17D0
dtor     D               dtor.c:196  _al_register_destructor          [   0,36124] added dtor for sub_bitmap 0563A8E0, func 78EF17D0
dtor     D               dtor.c:196  _al_register_destructor          [   0,36138] added dtor for sub_bitmap 0563A738, func 78EF17D0
dtor     D               dtor.c:196  _al_register_destructor          [   0,36162] added dtor for sub_bitmap 0563A3E8, func 78EF17D0
dtor     D               dtor.c:196  _al_register_destructor          [   0,36175] added dtor for sub_bitmap 05639358, func 78EF17D0
dtor     D               dtor.c:196  _al_register_destructor          [   0,36188] added dtor for sub_bitmap 0563D3F8, func 78EF17D0
dtor     D               dtor.c:196  _al_register_destructor          [   0,36201] added dtor for sub_bitmap 0563CBB0, func 78EF17D0
dtor     D               dtor.c:196  _al_register_destructor          [   0,36215] added dtor for sub_bitmap 0563C018, func 78EF17D0
dtor     D               dtor.c:196  _al_register_destructor          [   0,36230] added dtor for sub_bitmap 0563CD58, func 78EF17D0
dtor     D               dtor.c:196  _al_register_destructor          [   0,36245] added dtor for sub_bitmap 0563D5A0, func 78EF17D0
dtor     D               dtor.c:196  _al_register_destructor          [   0,36258] added dtor for sub_bitmap 0563C368, func 78EF17D0
dtor     D               dtor.c:196  _al_register_destructor          [   0,36271] added dtor for sub_bitmap 0563C860, func 78EF17D0
dtor     D               dtor.c:196  _al_register_destructor          [   0,36286] added dtor for sub_bitmap 0563CF00, func 78EF17D0
dtor     D               dtor.c:196  _al_register_destructor          [   0,36300] added dtor for sub_bitmap 0563C6B8, func 78EF17D0
dtor     D               dtor.c:196  _al_register_destructor          [   0,36315] added dtor for sub_bitmap 0563CA08, func 78EF17D0
dtor     D               dtor.c:196  _al_register_destructor          [   0,36331] added dtor for sub_bitmap 0563D250, func 78EF17D0
dtor     D               dtor.c:196  _al_register_destructor          [   0,36344] added dtor for sub_bitmap 0563D748, func 78EF17D0
dtor     D               dtor.c:196  _al_register_destructor          [   0,36359] added dtor for sub_bitmap 0563D8F0, func 78EF17D0
dtor     D               dtor.c:196  _al_register_destructor          [   0,36373] added dtor for sub_bitmap 0563D0A8, func 78EF17D0
dtor     D               dtor.c:196  _al_register_destructor          [   0,36385] added dtor for sub_bitmap 0563DA98, func 78EF17D0
dtor     D               dtor.c:196  _al_register_destructor          [   0,36408] added dtor for sub_bitmap 0563DC40, func 78EF17D0
dtor     D               dtor.c:196  _al_register_destructor          [   0,36423] added dtor for sub_bitmap 0563DDE8, func 78EF17D0
dtor     D               dtor.c:196  _al_register_destructor          [   0,36446] added dtor for sub_bitmap 0563C1C0, func 78EF17D0
dtor     D               dtor.c:196  _al_register_destructor          [   0,36461] added dtor for sub_bitmap 0563C510, func 78EF17D0
dtor     D               dtor.c:196  _al_register_destructor          [   0,36478] added dtor for sub_bitmap 0B9103A8, func 78EF17D0
dtor     D               dtor.c:196  _al_register_destructor          [   0,36495] added dtor for sub_bitmap 0B910550, func 78EF17D0
dtor     D               dtor.c:196  _al_register_destructor          [   0,36523] added dtor for sub_bitmap 0B9106F8, func 78EF17D0
dtor     D               dtor.c:196  _al_register_destructor          [   0,36536] added dtor for sub_bitmap 0B90FEB0, func 78EF17D0
dtor     D               dtor.c:196  _al_register_destructor          [   0,36551] added dtor for sub_bitmap 0B90F810, func 78EF17D0
dtor     D               dtor.c:196  _al_register_destructor          [   0,36565] added dtor for sub_bitmap 0B910200, func 78EF17D0
dtor     D               dtor.c:196  _al_register_destructor          [   0,36580] added dtor for sub_bitmap 0B90F170, func 78EF17D0
dtor     D               dtor.c:196  _al_register_destructor          [   0,36596] added dtor for sub_bitmap 0B90F9B8, func 78EF17D0
dtor     D               dtor.c:196  _al_register_destructor          [   0,36612] added dtor for sub_bitmap 0B90EFC8, func 78EF17D0
dtor     D               dtor.c:196  _al_register_destructor          [   0,36633] added dtor for sub_bitmap 0B90E928, func 78EF17D0
dtor     D               dtor.c:196  _al_register_destructor          [   0,36658] added dtor for sub_bitmap 0B90EAD0, func 78EF17D0
dtor     D               dtor.c:196  _al_register_destructor          [   0,36674] added dtor for sub_bitmap 0B90F4C0, func 78EF17D0
dtor     D               dtor.c:196  _al_register_destructor          [   0,36692] added dtor for sub_bitmap 0B90EC78, func 78EF17D0
dtor     D               dtor.c:196  _al_register_destructor          [   0,36711] added dtor for sub_bitmap 0B90EE20, func 78EF17D0
dtor     D               dtor.c:196  _al_register_destructor          [   0,36726] added dtor for sub_bitmap 0B90F318, func 78EF17D0
dtor     D               dtor.c:196  _al_register_destructor          [   0,36741] added dtor for sub_bitmap 0B90F668, func 78EF17D0
dtor     D               dtor.c:196  _al_register_destructor          [   0,36756] added dtor for sub_bitmap 0B90FB60, func 78EF17D0
dtor     D               dtor.c:196  _al_register_destructor          [   0,36773] added dtor for sub_bitmap 0B90FD08, func 78EF17D0
dtor     D               dtor.c:196  _al_register_destructor          [   0,36791] added dtor for sub_bitmap 0B910058, func 78EF17D0
dtor     D               dtor.c:196  _al_register_destructor          [   0,36813] added dtor for sub_bitmap 0B913940, func 78EF17D0
dtor     D               dtor.c:196  _al_register_destructor          [   0,36829] added dtor for sub_bitmap 0B912A58, func 78EF17D0
dtor     D               dtor.c:196  _al_register_destructor          [   0,36842] added dtor for sub_bitmap 0B910C88, func 78EF17D0
dtor     D               dtor.c:196  _al_register_destructor          [   0,36854] added dtor for sub_bitmap 0B911328, func 78EF17D0
dtor     D               dtor.c:196  _al_register_destructor          [   0,36870] added dtor for sub_bitmap 0B911D18, func 78EF17D0
dtor     D               dtor.c:196  _al_register_destructor          [   0,36883] added dtor for sub_bitmap 0B911180, func 78EF17D0
dtor     D               dtor.c:196  _al_register_destructor          [   0,36901] added dtor for sub_bitmap 0B911820, func 78EF17D0
dtor     D               dtor.c:196  _al_register_destructor          [   0,36915] added dtor for sub_bitmap 0B912560, func 78EF17D0
dtor     D               dtor.c:196  _al_register_destructor          [   0,36930] added dtor for sub_bitmap 0B9128B0, func 78EF17D0
dtor     D               dtor.c:196  _al_register_destructor          [   0,36942] added dtor for sub_bitmap 0B9130F8, func 78EF17D0
dtor     D               dtor.c:196  _al_register_destructor          [   0,36955] added dtor for sub_bitmap 0B911678, func 78EF17D0
dtor     D               dtor.c:196  _al_register_destructor          [   0,36970] added dtor for sub_bitmap 0B912C00, func 78EF17D0
dtor     D               dtor.c:196  _al_register_destructor          [   0,36985] added dtor for sub_bitmap 0B9114D0, func 78EF17D0
dtor     D               dtor.c:196  _al_register_destructor          [   0,36998] added dtor for sub_bitmap 0B9123B8, func 78EF17D0
dtor     D               dtor.c:196  _al_register_destructor          [   0,37010] added dtor for sub_bitmap 0B913448, func 78EF17D0
dtor     D               dtor.c:196  _al_register_destructor          [   0,37020] added dtor for sub_bitmap 0B910938, func 78EF17D0
dtor     D               dtor.c:196  _al_register_destructor          [   0,37034] added dtor for sub_bitmap 0B9135F0, func 78EF17D0
dtor     D               dtor.c:196  _al_register_destructor          [   0,37049] added dtor for sub_bitmap 0B913AE8, func 78EF17D0
dtor     D               dtor.c:196  _al_register_destructor          [   0,37061] added dtor for sub_bitmap 0B9119C8, func 78EF17D0
dtor     D               dtor.c:196  _al_register_destructor          [   0,37091] added dtor for sub_bitmap 0B911B70, func 78EF17D0
dtor     D               dtor.c:196  _al_register_destructor          [   0,37104] added dtor for sub_bitmap 0B910E30, func 78EF17D0
dtor     D               dtor.c:196  _al_register_destructor          [   0,37119] added dtor for sub_bitmap 0B913C90, func 78EF17D0
dtor     D               dtor.c:196  _al_register_destructor          [   0,37135] added dtor for sub_bitmap 0B912708, func 78EF17D0
dtor     D               dtor.c:196  _al_register_destructor          [   0,37149] added dtor for sub_bitmap 0B911EC0, func 78EF17D0
dtor     D               dtor.c:196  _al_register_destructor          [   0,37159] added dtor for sub_bitmap 0B912DA8, func 78EF17D0
dtor     D               dtor.c:196  _al_register_destructor          [   0,37169] added dtor for sub_bitmap 0B910AE0, func 78EF17D0
dtor     D               dtor.c:196  _al_register_destructor          [   0,37183] added dtor for sub_bitmap 0B913798, func 78EF17D0
dtor     D               dtor.c:196  _al_register_destructor          [   0,37198] added dtor for sub_bitmap 0B912068, func 78EF17D0
dtor     D               dtor.c:196  _al_register_destructor          [   0,37212] added dtor for sub_bitmap 0B910FD8, func 78EF17D0
dtor     D               dtor.c:196  _al_register_destructor          [   0,37226] added dtor for sub_bitmap 0B912210, func 78EF17D0
dtor     D               dtor.c:196  _al_register_destructor          [   0,37240] added dtor for sub_bitmap 0B912F50, func 78EF17D0
dtor     D               dtor.c:196  _al_register_destructor          [   0,37254] added dtor for sub_bitmap 0B9132A0, func 78EF17D0
dtor     D               dtor.c:196  _al_register_destructor          [   0,37266] added dtor for sub_bitmap 0B913FE0, func 78EF17D0
dtor     D               dtor.c:196  _al_register_destructor          [   0,37279] added dtor for sub_bitmap 0B913E38, func 78EF17D0
dtor     D               dtor.c:196  _al_register_destructor          [   0,37292] added dtor for sub_bitmap 0B9144D8, func 78EF17D0
dtor     D               dtor.c:196  _al_register_destructor          [   0,37304] added dtor for sub_bitmap 0B914188, func 78EF17D0
dtor     D               dtor.c:196  _al_register_destructor          [   0,37319] added dtor for sub_bitmap 0B914330, func 78EF17D0
dtor     D               dtor.c:196  _al_register_destructor          [   0,37332] added dtor for sub_bitmap 0B914680, func 78EF17D0
dtor     D               dtor.c:196  _al_register_destructor          [   0,37349] added dtor for sub_bitmap 0B918340, func 78EF17D0
dtor     D               dtor.c:196  _al_register_destructor          [   0,37362] added dtor for sub_bitmap 0B9184E8, func 78EF17D0
dtor     D               dtor.c:196  _al_register_destructor          [   0,37375] added dtor for sub_bitmap 0B918690, func 78EF17D0
dtor     D               dtor.c:196  _al_register_destructor          [   0,37389] added dtor for sub_bitmap 0B918198, func 78EF17D0
dtor     D               dtor.c:196  _al_register_destructor          [   0,37405] added dtor for sub_bitmap 0B918838, func 78EF17D0
dtor     D               dtor.c:196  _al_register_destructor          [   0,37419] added dtor for sub_bitmap 0B91A608, func 78EF17D0
dtor     D               dtor.c:196  _al_register_destructor          [   0,37432] added dtor for sub_bitmap 0B919A70, func 78EF17D0
dtor     D               dtor.c:196  _al_register_destructor          [   0,37445] added dtor for sub_bitmap 0B91AB00, func 78EF17D0
dtor     D               dtor.c:196  _al_register_destructor          [   0,37458] added dtor for sub_bitmap 0B918ED8, func 78EF17D0
dtor     D               dtor.c:196  _al_register_destructor          [   0,37472] added dtor for sub_bitmap 0B917AF8, func 78EF17D0
dtor     D               dtor.c:196  _al_register_destructor          [   0,37487] added dtor for sub_bitmap 0B91A2B8, func 78EF17D0
dtor     D               dtor.c:196  _al_register_destructor          [   0,37500] added dtor for sub_bitmap 0B919720, func 78EF17D0
dtor     D               dtor.c:196  _al_register_destructor          [   0,37512] added dtor for sub_bitmap 0B917CA0, func 78EF17D0
dtor     D               dtor.c:196  _al_register_destructor          [   0,37526] added dtor for sub_bitmap 0B919C18, func 78EF17D0
dtor     D               dtor.c:196  _al_register_destructor          [   0,37539] added dtor for sub_bitmap 0B919578, func 78EF17D0
dtor     D               dtor.c:196  _al_register_destructor          [   0,37552] added dtor for sub_bitmap 0B919228, func 78EF17D0
dtor     D               dtor.c:196  _al_register_destructor          [   0,37565] added dtor for sub_bitmap 0B918D30, func 78EF17D0
dtor     D               dtor.c:196  _al_register_destructor          [   0,37577] added dtor for sub_bitmap 0B918B88, func 78EF17D0
dtor     D               dtor.c:196  _al_register_destructor          [   0,37589] added dtor for sub_bitmap 0B9198C8, func 78EF17D0
dtor     D               dtor.c:196  _al_register_destructor          [   0,37603] added dtor for sub_bitmap 0B919080, func 78EF17D0
dtor     D               dtor.c:196  _al_register_destructor          [   0,37616] added dtor for sub_bitmap 0B91ACA8, func 78EF17D0
dtor     D               dtor.c:196  _al_register_destructor          [   0,37626] added dtor for sub_bitmap 0B917E48, func 78EF17D0
dtor     D               dtor.c:196  _al_register_destructor          [   0,37635] added dtor for sub_bitmap 0B91A460, func 78EF17D0
dtor     D               dtor.c:196  _al_register_destructor          [   0,37647] added dtor for sub_bitmap 0B9189E0, func 78EF17D0
dtor     D               dtor.c:196  _al_register_destructor          [   0,37658] added dtor for sub_bitmap 0B919DC0, func 78EF17D0
dtor     D               dtor.c:196  _al_register_destructor          [   0,37672] added dtor for sub_bitmap 0B9193D0, func 78EF17D0
dtor     D               dtor.c:196  _al_register_destructor          [   0,37687] added dtor for sub_bitmap 0B91A7B0, func 78EF17D0
dtor     D               dtor.c:196  _al_register_destructor          [   0,37701] added dtor for sub_bitmap 0B917FF0, func 78EF17D0
dtor     D               dtor.c:196  _al_register_destructor          [   0,37711] added dtor for sub_bitmap 0B919F68, func 78EF17D0
dtor     D               dtor.c:196  _al_register_destructor          [   0,37721] added dtor for sub_bitmap 0B91A958, func 78EF17D0
dtor     D               dtor.c:196  _al_register_destructor          [   0,37733] added dtor for sub_bitmap 0B91A110, func 78EF17D0
dtor     D               dtor.c:196  _al_register_destructor          [   0,37745] added dtor for sub_bitmap 0B917950, func 78EF17D0
dtor     D               dtor.c:196  _al_register_destructor          [   0,37755] added dtor for sub_bitmap 0B91B698, func 78EF17D0
dtor     D               dtor.c:196  _al_register_destructor          [   0,37767] added dtor for sub_bitmap 0B91AFF8, func 78EF17D0
dtor     D               dtor.c:196  _al_register_destructor          [   0,37780] added dtor for sub_bitmap 0B91B348, func 78EF17D0
dtor     D               dtor.c:196  _al_register_destructor          [   0,37794] added dtor for sub_bitmap 0B91B1A0, func 78EF17D0
dtor     D               dtor.c:196  _al_register_destructor          [   0,37806] added dtor for sub_bitmap 0B91B4F0, func 78EF17D0
dtor     D               dtor.c:196  _al_register_destructor          [   0,37819] added dtor for sub_bitmap 0B91AE50, func 78EF17D0
dtor     D               dtor.c:196  _al_register_destructor          [   0,37834] added dtor for sub_bitmap 0B91C1A0, func 78EF17D0
dtor     D               dtor.c:196  _al_register_destructor          [   0,37845] added dtor for sub_bitmap 0B91E7B8, func 78EF17D0
dtor     D               dtor.c:196  _al_register_destructor          [   0,37855] added dtor for sub_bitmap 0B91B958, func 78EF17D0
dtor     D               dtor.c:196  _al_register_destructor          [   0,37864] added dtor for sub_bitmap 0B91CD38, func 78EF17D0
dtor     D               dtor.c:196  _al_register_destructor          [   0,37876] added dtor for sub_bitmap 0B91C4F0, func 78EF17D0
dtor     D               dtor.c:196  _al_register_destructor          [   0,37888] added dtor for sub_bitmap 0B91E610, func 78EF17D0
dtor     D               dtor.c:196  _al_register_destructor          [   0,37901] added dtor for sub_bitmap 0B91D8D0, func 78EF17D0
dtor     D               dtor.c:196  _al_register_destructor          [   0,37914] added dtor for sub_bitmap 0B91BFF8, func 78EF17D0
dtor     D               dtor.c:196  _al_register_destructor          [   0,37927] added dtor for sub_bitmap 0B91E960, func 78EF17D0
dtor     D               dtor.c:196  _al_register_destructor          [   0,37939] added dtor for sub_bitmap 0B91DA78, func 78EF17D0
dtor     D               dtor.c:196  _al_register_destructor          [   0,37949] added dtor for sub_bitmap 0B91CEE0, func 78EF17D0
dtor     D               dtor.c:196  _al_register_destructor          [   0,37959] added dtor for sub_bitmap 0B91BE50, func 78EF17D0
dtor     D               dtor.c:196  _al_register_destructor          [   0,37971] added dtor for sub_bitmap 0B91EB08, func 78EF17D0
dtor     D               dtor.c:196  _al_register_destructor          [   0,37983] added dtor for sub_bitmap 0B91C698, func 78EF17D0
dtor     D               dtor.c:196  _al_register_destructor          [   0,37994] added dtor for sub_bitmap 0B91C348, func 78EF17D0
dtor     D               dtor.c:196  _al_register_destructor          [   0,38006] added dtor for sub_bitmap 0B91C840, func 78EF17D0
dtor     D               dtor.c:196  _al_register_destructor          [   0,38017] added dtor for sub_bitmap 0B91D230, func 78EF17D0
dtor     D               dtor.c:196  _al_register_destructor          [   0,38029] added dtor for sub_bitmap 0B91C9E8, func 78EF17D0
dtor     D               dtor.c:196  _al_register_destructor          [   0,38040] added dtor for sub_bitmap 0B91D088, func 78EF17D0
dtor     D               dtor.c:196  _al_register_destructor          [   0,38054] added dtor for sub_bitmap 0B91DDC8, func 78EF17D0
dtor     D               dtor.c:196  _al_register_destructor          [   0,38068] added dtor for sub_bitmap 0B91DC20, func 78EF17D0
dtor     D               dtor.c:196  _al_register_destructor          [   0,38084] added dtor for sub_bitmap 0B91D3D8, func 78EF17D0
dtor     D               dtor.c:196  _al_register_destructor          [   0,38121] added dtor for sub_bitmap 0B91D580, func 78EF17D0
dtor     D               dtor.c:196  _al_register_destructor          [   0,38148] added dtor for sub_bitmap 0B91ECB0, func 78EF17D0
dtor     D               dtor.c:196  _al_register_destructor          [   0,38200] added dtor for sub_bitmap 0B91D728, func 78EF17D0
dtor     D               dtor.c:196  _al_register_destructor          [   0,38228] added dtor for sub_bitmap 0B91BB00, func 78EF17D0
dtor     D               dtor.c:196  _al_register_destructor          [   0,38249] added dtor for sub_bitmap 0B91DF70, func 78EF17D0
dtor     D               dtor.c:196  _al_register_destructor          [   0,38272] added dtor for sub_bitmap 0B91BCA8, func 78EF17D0
dtor     D               dtor.c:196  _al_register_destructor          [   0,38288] added dtor for sub_bitmap 0B91CB90, func 78EF17D0
dtor     D               dtor.c:196  _al_register_destructor          [   0,38309] added dtor for sub_bitmap 0B91E118, func 78EF17D0
dtor     D               dtor.c:196  _al_register_destructor          [   0,38330] added dtor for sub_bitmap 0B91E2C0, func 78EF17D0
dtor     D               dtor.c:196  _al_register_destructor          [   0,38344] added dtor for sub_bitmap 0B91E468, func 78EF17D0
dtor     D               dtor.c:196  _al_register_destructor          [   0,38360] added dtor for sub_bitmap 0B91F6A0, func 78EF17D0
dtor     D               dtor.c:196  _al_register_destructor          [   0,38378] added dtor for sub_bitmap 0B91F4F8, func 78EF17D0
dtor     D               dtor.c:196  _al_register_destructor          [   0,38392] added dtor for sub_bitmap 0B91F350, func 78EF17D0
dtor     D               dtor.c:196  _al_register_destructor          [   0,38406] added dtor for sub_bitmap 0B91F000, func 78EF17D0
dtor     D               dtor.c:196  _al_register_destructor          [   0,38420] added dtor for sub_bitmap 0B91F1A8, func 78EF17D0
dtor     D               dtor.c:196  _al_register_destructor          [   0,38433] added dtor for sub_bitmap 0B91EE58, func 78EF17D0
dtor     D               dtor.c:196  _al_register_destructor          [   0,38450] added dtor for sub_bitmap 0B9221B0, func 78EF17D0
dtor     D               dtor.c:196  _al_register_destructor          [   0,38464] added dtor for sub_bitmap 0B9233E8, func 78EF17D0
dtor     D               dtor.c:196  _al_register_destructor          [   0,38475] added dtor for sub_bitmap 0B924478, func 78EF17D0
dtor     D               dtor.c:196  _al_register_destructor          [   0,38485] added dtor for sub_bitmap 0B921968, func 78EF17D0
dtor     D               dtor.c:196  _al_register_destructor          [   0,38496] added dtor for sub_bitmap 0B922850, func 78EF17D0
dtor     D               dtor.c:196  _al_register_destructor          [   0,38510] added dtor for sub_bitmap 0B923098, func 78EF17D0
dtor     D               dtor.c:196  _al_register_destructor          [   0,38524] added dtor for sub_bitmap 0B922BA0, func 78EF17D0
dtor     D               dtor.c:196  _al_register_destructor          [   0,38535] added dtor for sub_bitmap 0B922D48, func 78EF17D0
dtor     D               dtor.c:196  _al_register_destructor          [   0,38545] added dtor for sub_bitmap 0B924620, func 78EF17D0
dtor     D               dtor.c:196  _al_register_destructor          [   0,38558] added dtor for sub_bitmap 0B924970, func 78EF17D0
dtor     D               dtor.c:196  _al_register_destructor          [   0,38569] added dtor for sub_bitmap 0B924B18, func 78EF17D0
dtor     D               dtor.c:196  _al_register_destructor          [   0,38579] added dtor for sub_bitmap 0B921B10, func 78EF17D0
dtor     D               dtor.c:196  _al_register_destructor          [   0,38591] added dtor for sub_bitmap 0B923240, func 78EF17D0
dtor     D               dtor.c:196  _al_register_destructor          [   0,38604] added dtor for sub_bitmap 0B922008, func 78EF17D0
dtor     D               dtor.c:196  _al_register_destructor          [   0,38613] added dtor for sub_bitmap 0B923A88, func 78EF17D0
dtor     D               dtor.c:196  _al_register_destructor          [   0,38623] added dtor for sub_bitmap 0B924CC0, func 78EF17D0
dtor     D               dtor.c:196  _al_register_destructor          [   0,38634] added dtor for sub_bitmap 0B923C30, func 78EF17D0
dtor     D               dtor.c:196  _al_register_destructor          [   0,38646] added dtor for sub_bitmap 0B921CB8, func 78EF17D0
dtor     D               dtor.c:196  _al_register_destructor          [   0,38658] added dtor for sub_bitmap 0B921E60, func 78EF17D0
dtor     D               dtor.c:196  _al_register_destructor          [   0,38674] added dtor for sub_bitmap 0B922358, func 78EF17D0
dtor     D               dtor.c:196  _al_register_destructor          [   0,38689] added dtor for sub_bitmap 0B923590, func 78EF17D0
dtor     D               dtor.c:196  _al_register_destructor          [   0,38705] added dtor for sub_bitmap 0B923F80, func 78EF17D0
dtor     D               dtor.c:196  _al_register_destructor          [   0,38717] added dtor for sub_bitmap 0B924128, func 78EF17D0
dtor     D               dtor.c:196  _al_register_destructor          [   0,38727] added dtor for sub_bitmap 0B922500, func 78EF17D0
dtor     D               dtor.c:196  _al_register_destructor          [   0,38738] added dtor for sub_bitmap 0B9226A8, func 78EF17D0
dtor     D               dtor.c:196  _al_register_destructor          [   0,38747] added dtor for sub_bitmap 0B923DD8, func 78EF17D0
dtor     D               dtor.c:196  _al_register_destructor          [   0,38761] added dtor for sub_bitmap 0B9229F8, func 78EF17D0
dtor     D               dtor.c:196  _al_register_destructor          [   0,38777] added dtor for sub_bitmap 0B922EF0, func 78EF17D0
dtor     D               dtor.c:196  _al_register_destructor          [   0,38790] added dtor for sub_bitmap 0B9247C8, func 78EF17D0
dtor     D               dtor.c:196  _al_register_destructor          [   0,38800] added dtor for sub_bitmap 0B9242D0, func 78EF17D0
dtor     D               dtor.c:196  _al_register_destructor          [   0,38814] added dtor for sub_bitmap 0B923738, func 78EF17D0
dtor     D               dtor.c:227  _al_unregister_destructor        [   0,38826] removed dtor for bitmap 05547840
dtor     D               dtor.c:196  _al_register_destructor          [   0,38838] added dtor for font 0556CF98, func 7914100F
dtor     D               dtor.c:227  _al_unregister_destructor        [   0,38849] removed dtor for bitmap 055F8798
d3d      D          d3d_bmp.cpp:539  _al_d3d_sync_bitmap              [   1,39897] _al_d3d_sync_bitmap (system) ref count == 1
d3d      D          d3d_bmp.cpp:545  _al_d3d_sync_bitmap              [   1,39920] _al_d3d_sync_bitmap (video) ref count == 1
